{"type":"server-started","port":57012,"host":"127.0.0.1","url_host":"localhost","url":"http://localhost:57012","screen_dir":"/Users/macbookpro/olivia-arcana/website/.superpowers/brainstorm/38817-1776802841"}
{"type":"screen-added","file":"/Users/macbookpro/olivia-arcana/website/.superpowers/brainstorm/38817-1776802841/scope.html"}
{"source":"user-event","type":"click","text":"DLeap into new features\n    \n      Net-new product surface. Candidates: voice-read horoscope (Olivia speaks), 3D globe birth chart navigable in space, live astrology radar showing current planetary energy, paid ritual rooms (gated immersive experiences), cinematic film-poster natal charts for sharing.\n      → Expand what the site does, not just how it feels.","choice":"features","id":null,"timestamp":1776803098012}
{"source":"user-event","type":"click","text":"CRebuild the entry moment\n    \n      First impression decides everything. Rebuild the landing arc as a single portal moment — depth gallery of signs orbiting the viewer, gravity card, shader dissolve into a Cosmic Identity panel. Not \"add effects to hero\"; redesign the story arc from first second to sign-up.\n      → Strategic redesign, not incremental polish.","choice":"hero","id":null,"timestamp":1776803172080}
{"type":"screen-added","file":"/Users/macbookpro/olivia-arcana/website/.superpowers/brainstorm/38817-1776802841/additional.html"}
{"type":"screen-added","file":"/Users/macbookpro/olivia-arcana/website/.superpowers/brainstorm/38817-1776802841/additional-v2.html"}
{"type":"screen-added","file":"/Users/macbookpro/olivia-arcana/website/.superpowers/brainstorm/38817-1776802841/flow.html"}
{"type":"screen-added","file":"/Users/macbookpro/olivia-arcana/website/.superpowers/brainstorm/38817-1776802841/prototype-flow1-descent.html"}
{"type":"screen-updated","file":"/Users/macbookpro/olivia-arcana/website/.superpowers/brainstorm/38817-1776802841/prototype-flow1-descent.html"}
{"type":"screen-updated","file":"/Users/macbookpro/olivia-arcana/website/.superpowers/brainstorm/38817-1776802841/prototype-flow1-descent.html"}
{"type":"screen-added","file":"/Users/macbookpro/olivia-arcana/website/.superpowers/brainstorm/38817-1776802841/prototype-flow2-altar.html"}
{"type":"screen-added","file":"/Users/macbookpro/olivia-arcana/website/.superpowers/brainstorm/38817-1776802841/prototype-flow3-ritual.html"}
{"type":"screen-updated","file":"/Users/macbookpro/olivia-arcana/website/.superpowers/brainstorm/38817-1776802841/prototype-flow2-altar.html"}
{"type":"screen-updated","file":"/Users/macbookpro/olivia-arcana/website/.superpowers/brainstorm/38817-1776802841/prototype-flow3-ritual.html"}
{"type":"screen-added","file":"/Users/macbookpro/olivia-arcana/website/.superpowers/brainstorm/38817-1776802841/compare.html"}
{"type":"screen-added","file":"/Users/macbookpro/olivia-arcana/website/.superpowers/brainstorm/38817-1776802841/prototype-flow4-mix.html"}
{"type":"screen-updated","file":"/Users/macbookpro/olivia-arcana/website/.superpowers/brainstorm/38817-1776802841/prototype-flow4-mix.html"}
{"type":"screen-updated","file":"/Users/macbookpro/olivia-arcana/website/.superpowers/brainstorm/38817-1776802841/prototype-flow4-mix.html"}
{"type":"screen-updated","file":"/Users/macbookpro/olivia-arcana/website/.superpowers/brainstorm/38817-1776802841/prototype-flow4-mix.html"}
{"type":"screen-updated","file":"/Users/macbookpro/olivia-arcana/website/.superpowers/brainstorm/38817-1776802841/prototype-flow4-mix.html"}
{"type":"screen-updated","file":"/Users/macbookpro/olivia-arcana/website/.superpowers/brainstorm/38817-1776802841/prototype-flow4-mix.html"}
{"type":"screen-updated","file":"/Users/macbookpro/olivia-arcana/website/.superpowers/brainstorm/38817-1776802841/prototype-flow4-mix.html"}
{"type":"screen-updated","file":"/Users/macbookpro/olivia-arcana/website/.superpowers/brainstorm/38817-1776802841/prototype-flow4-mix.html"}
{"type":"screen-updated","file":"/Users/macbookpro/olivia-arcana/website/.superpowers/brainstorm/38817-1776802841/prototype-flow4-mix.html"}
{"type":"server-stopped","reason":"owner process exited"}
